$call
asreml(fixed = SPAD_650 ~ 1 + m_thick, random = ~Genotype + Device.ID, 
    residual = ~ar1v(row):ar1(col), data = filledflDf[order(filledflDf$row, 
        filledflDf$col), ], na.action = na.method(y = c("include", 
        "include", "include"), x = c("include", "include", "include")))

$loglik
[1] -457.1212

$nedf
[1] 278

$sigma
[1] 1

$varcomp
                   component std.error    z.ratio bound %ch
Device.ID       6.434734e-01 1.0325715  0.6231756     P   0
Genotype        9.469059e+00 0.8045877 11.7688338     P   0
row:col!R       1.000000e+00        NA         NA     F   0
row:col!row!cor 8.433398e-01        NA         NA     F   0
row:col!row!var 3.287606e-06        NA         NA     B   0
row:col!col!cor 9.800000e-01        NA         NA     F   0

$bic
[1] 931.1252
attr(,"parameters")
[1] 3

$aic
[1] 920.2423
attr(,"parameters")
[1] 3

attr(,"class")
[1] "summary.asreml"
