$call
asreml(fixed = SPAD_650 ~ 1 + m_thick, random = ~Genotype + Device.ID, 
    residual = ~ar1v(row):ar1(col), data = filledflDf[order(filledflDf$row, 
        filledflDf$col), ], na.action = na.method(y = c("include", 
        "include", "include"), x = c("include", "include", "include")))

$loglik
[1] -558.8225

$nedf
[1] 289

$sigma
[1] 1

$varcomp
                    component  std.error     z.ratio bound %ch
Device.ID        1.299962e-02 0.24174184  0.05377481     P 0.1
Genotype         8.768959e-07         NA          NA     B 0.0
row:col!R        1.000000e+00         NA          NA     F 0.0
row:col!row!cor  5.488816e-02 0.07216297  0.76061394     U 0.0
row:col!row!var  1.710360e+01 1.42860701 11.97221886     P 0.0
row:col!col!cor -8.789273e-03 0.07894833 -0.11132943     U 0.3

$bic
[1] 1145.977
attr(,"parameters")
[1] 5

$aic
[1] 1127.645
attr(,"parameters")
[1] 5

attr(,"class")
[1] "summary.asreml"
