$call
asreml(fixed = SPAD_650 ~ 1 + m_thick, random = ~Genotype + Device.ID, 
    residual = ~ar1v(row):ar1(col), data = filledflDf[order(filledflDf$row, 
        filledflDf$col), ], na.action = na.method(y = c("include", 
        "include", "include"), x = c("include", "include", "include")))

$loglik
[1] -629.7755

$nedf
[1] 290

$sigma
[1] 1

$varcomp
                   component std.error   z.ratio bound %ch
Device.ID       5.911679e-07        NA        NA     B 0.0
Genotype        2.535112e+01 2.8577906 8.8708808     P 0.1
row:col!R       1.000000e+00        NA        NA     F 0.0
row:col!row!cor 8.681233e-01 0.1768422 4.9090290     U 0.5
row:col!row!var 2.580303e+00 2.1842190 1.1813391     P 1.1
row:col!col!cor 2.256763e-01 0.4719125 0.4782164     U 6.2

$bic
[1] 1287.9
attr(,"parameters")
[1] 5

$aic
[1] 1269.551
attr(,"parameters")
[1] 5

attr(,"class")
[1] "summary.asreml"
