$call
asreml(fixed = SPAD_650 ~ 1 + m_thick, random = ~f23g + Device.ID + 
    row + col, residual = ~ar1(row):ar1(col), data = filledflDf[order(filledflDf$row, 
    filledflDf$col), ], na.action = na.method(y = c("include", 
    "omit", "fail"), x = c("include", "include", "omit")))

$loglik
[1] -488.3097

$nedf
[1] 278

$sigma
[1] 3.362851

$varcomp
                    component  std.error    z.ratio bound %ch
Device.ID        4.963137e+00 5.22938139  0.9490869     P 0.2
col              6.992855e-01 0.54915067  1.2733945     P 0.1
row              2.537364e-06         NA         NA     B 0.0
f23g             3.744089e-06         NA         NA     B 0.0
row:col!R        1.130876e+01 0.98028826 11.5361617     P 0.0
row:col!row!cor -5.404101e-02 0.07539412 -0.7167801     U 0.0
row:col!col!cor  3.502614e-02 0.08048390  0.4351943     U 0.1

$bic
[1] 1016.013
attr(,"parameters")
[1] 7

$aic
[1] 990.6193
attr(,"parameters")
[1] 7

attr(,"class")
[1] "summary.asreml"
