$call
asreml(fixed = SPAD_650 ~ 1 + m_thick, random = ~f23g + Device.ID + 
    row + col, residual = ~ar1(row):ar1(col), data = filledflDf[order(filledflDf$row, 
    filledflDf$col), ], na.action = na.method(y = c("include", 
    "omit", "fail"), x = c("include", "include", "omit")))

$loglik
[1] -501.2919

$nedf
[1] 289

$sigma
[1] 3.183466

$varcomp
                  component  std.error    z.ratio bound %ch
Device.ID        1.81836118 2.80762289  0.6476515     P 0.1
col              0.17782194 0.28004448  0.6349775     P 0.2
row              0.10937344 0.38137592  0.2867864     P 2.3
f23g             0.98962713 1.11646321  0.8863948     P 0.2
row:col!R       10.13445718 1.39959368  7.2409995     P 0.0
row:col!row!cor -0.08008048 0.08349259 -0.9591328     U 0.2
row:col!col!cor -0.02614310 0.08820371 -0.2963946     U 1.2

$bic
[1] 1042.249
attr(,"parameters")
[1] 7

$aic
[1] 1016.584
attr(,"parameters")
[1] 7

attr(,"class")
[1] "summary.asreml"
