$call
asreml(fixed = SPAD_650 ~ 1 + m_thick, random = ~f23g + Device.ID + 
    row + col, residual = ~ar1(row):ar1(col), data = filledflDf[order(filledflDf$row, 
    filledflDf$col), ], na.action = na.method(y = c("include", 
    "omit", "fail"), x = c("include", "include", "omit")))

$loglik
[1] -540.1968

$nedf
[1] 290

$sigma
[1] 3.66576

$varcomp
                    component  std.error    z.ratio bound %ch
Device.ID        1.015629e+00 1.64879007  0.6159844     P 0.0
col              1.813507e-01 0.40329138  0.4496766     P 0.0
row              1.359810e-06         NA         NA     B 0.0
f23g             1.287006e+00 1.60262533  0.8030612     P 0.3
row:col!R        1.343780e+01 1.89729524  7.0826074     P 0.0
row:col!row!cor  8.509099e-02 0.08647823  0.9839585     U 0.2
row:col!col!cor -8.944778e-02 0.08586551 -1.0417196     U 0.3

$bic
[1] 1120.083
attr(,"parameters")
[1] 7

$aic
[1] 1094.394
attr(,"parameters")
[1] 7

attr(,"class")
[1] "summary.asreml"
