$call
asreml(fixed = SPAD_650 ~ 1 + m_thick, random = ~f23g + Device.ID + 
    row + col, residual = ~ar1(row):ar1(col), data = filledflDf[order(filledflDf$row, 
    filledflDf$col), ], na.action = na.method(y = c("include", 
    "omit", "fail"), x = c("include", "include", "omit")))

$loglik
[1] -483.1294

$nedf
[1] 290

$sigma
[1] 2.472788

$varcomp
                 component std.error    z.ratio bound %ch
Device.ID        0.2280160 0.4984142  0.4574829     P 0.3
col              0.2989741 0.3256328  0.9181325     P 0.1
row              0.3077594 0.3190441  0.9646296     P 0.3
f23g             4.0738188 1.0644508  3.8271554     P 0.1
row:col!R        6.1146803 0.9312465  6.5661242     P 0.0
row:col!row!cor  0.1036217 0.1150266  0.9008499     U 1.0
row:col!col!cor -0.1831491 0.1165695 -1.5711587     U 0.1

$bic
[1] 1005.948
attr(,"parameters")
[1] 7

$aic
[1] 980.2588
attr(,"parameters")
[1] 7

attr(,"class")
[1] "summary.asreml"
