$call
asreml(fixed = SPAD_650 ~ 1 + m_thick, random = ~f23g + Device.ID + 
    row + col, residual = ~ar1(row):ar1(col), data = filledflDf[order(filledflDf$row, 
    filledflDf$col), ], na.action = na.method(y = c("include", 
    "omit", "fail"), x = c("include", "include", "omit")))

$loglik
[1] -528.2873

$nedf
[1] 290

$sigma
[1] 3.39242

$varcomp
                   component  std.error     z.ratio bound  %ch
Device.ID        0.042625658 0.45677507  0.09331871     P  2.2
col              1.454160271 0.83916541  1.73286489     P  0.1
row              0.721556799 0.58812363  1.22687946     P  0.3
f23g             0.919146262 1.28006439  0.71804690     P  0.0
row:col!R       11.508511659 1.60455913  7.17238238     P  0.0
row:col!row!cor -0.104373033 0.08810827 -1.18459970     U  0.8
row:col!col!cor  0.005623181 0.09483272  0.05929579     U 12.0

$bic
[1] 1096.264
attr(,"parameters")
[1] 7

$aic
[1] 1070.575
attr(,"parameters")
[1] 7

attr(,"class")
[1] "summary.asreml"
