$call
asreml(fixed = SPAD_650 ~ 1 + m_thick, random = ~f23g + Device.ID + 
    row + col, residual = ~ar1(row):ar1(col), data = filledflDf[order(filledflDf$row, 
    filledflDf$col), ], na.action = na.method(y = c("include", 
    "omit", "fail"), x = c("include", "include", "omit")))

$loglik
[1] -521.6151

$nedf
[1] 290

$sigma
[1] 3.443352

$varcomp
                    component  std.error    z.ratio bound %ch
Device.ID        1.199811e-06         NA         NA     B 0.0
col              5.846877e-01 0.46901443  1.2466305     P 0.2
row              1.199811e-06         NA         NA     B 0.0
f23g             8.472830e-01 1.22914498  0.6893272     P 0.1
row:col!R        1.185667e+01 1.53684679  7.7149354     P 0.0
row:col!row!cor -5.591317e-02 0.08872459 -0.6301880     U 0.1
row:col!col!cor -4.823998e-02 0.08915327 -0.5410904     U 0.1

$bic
[1] 1082.919
attr(,"parameters")
[1] 7

$aic
[1] 1057.23
attr(,"parameters")
[1] 7

attr(,"class")
[1] "summary.asreml"
