$call
asreml(fixed = SPAD_650 ~ 1 + m_thick, random = ~f23g + Device.ID + 
    row + col, residual = ~ar1(row):ar1(col), data = filledflDf[order(filledflDf$row, 
    filledflDf$col), ], na.action = na.method(y = c("include", 
    "omit", "fail"), x = c("include", "include", "omit")))

$loglik
[1] -557.5566

$nedf
[1] 290

$sigma
[1] 3.672185

$varcomp
                    component  std.error    z.ratio bound %ch
Device.ID        3.670574e-01 0.66616296  0.5510024     P 0.0
col              1.364581e-06         NA         NA     B 0.0
row              1.364102e+00 0.75940836  1.7962692     P 0.2
f23g             2.218098e+00 1.61115495  1.3767133     P 0.0
row:col!R        1.348495e+01 1.87303768  7.1995057     P 0.0
row:col!row!cor -1.529365e-02 0.09449544 -0.1618454     U 2.2
row:col!col!cor -1.220304e-01 0.09179997 -1.3293079     U 0.2

$bic
[1] 1154.802
attr(,"parameters")
[1] 7

$aic
[1] 1129.113
attr(,"parameters")
[1] 7

attr(,"class")
[1] "summary.asreml"
