$call
asreml(fixed = SPAD_650 ~ 1 + m_thick, random = ~f23g + Device.ID + 
    row + col, residual = ~ar1(row):ar1(col), data = filledflDf[order(filledflDf$row, 
    filledflDf$col), ], na.action = na.method(y = c("include", 
    "omit", "fail"), x = c("include", "include", "omit")))

$loglik
[1] -516.8779

$nedf
[1] 289

$sigma
[1] 3.391598

$varcomp
                   component  std.error    z.ratio bound  %ch
Device.ID       7.117590e-02 0.29348081 0.24252319     P  0.0
col             1.725626e-02 0.26063694 0.06620805     P  0.1
row             9.876354e-07         NA         NA     B 93.7
f23g            1.461775e+00 1.24614644 1.17303590     P  0.0
row:col!R       1.150293e+01 1.54915835 7.42527974     P  0.0
row:col!row!cor 7.945075e-02 0.08323113 0.95457970     U  0.0
row:col!col!cor 1.410023e-01 0.09518795 1.48130405     U  0.0

$bic
[1] 1073.421
attr(,"parameters")
[1] 7

$aic
[1] 1047.756
attr(,"parameters")
[1] 7

attr(,"class")
[1] "summary.asreml"
