$call
asreml(fixed = SPAD_650 ~ 1 + m_thick, random = ~f23g + Device.ID + 
    row + col, residual = ~ar1(row):ar1(col), data = filledflDf[order(filledflDf$row, 
    filledflDf$col), ], na.action = na.method(y = c("include", 
    "omit", "fail"), x = c("include", "include", "omit")))

$loglik
[1] -550.2148

$nedf
[1] 289

$sigma
[1] 3.609683

$varcomp
                  component  std.error    z.ratio bound %ch
Device.ID        0.19561007 0.54174347  0.3610751     P 0.2
col              0.46530638 0.50590096  0.9197579     P 0.0
row              0.20645309 0.50899318  0.4056107     P 1.4
f23g             2.70966367 1.49871281  1.8079939     P 0.0
row:col!R       13.02981285 1.74171744  7.4810142     P 0.0
row:col!row!cor  0.04151917 0.09432424  0.4401749     U 0.4
row:col!col!cor -0.05206725 0.10237272 -0.5086047     U 2.3

$bic
[1] 1140.095
attr(,"parameters")
[1] 7

$aic
[1] 1114.43
attr(,"parameters")
[1] 7

attr(,"class")
[1] "summary.asreml"
