$call
asreml(fixed = SPAD_650 ~ 1 + m_thick, random = ~f23g + Device.ID + 
    row + col, residual = ~ar1(row):ar1(col), data = filledflDf[order(filledflDf$row, 
    filledflDf$col), ], na.action = na.method(y = c("include", 
    "omit", "fail"), x = c("include", "include", "omit")))

$loglik
[1] -547.9512

$nedf
[1] 289

$sigma
[1] 3.503138

$varcomp
                   component  std.error   z.ratio bound %ch
Device.ID       1.766970e+00 2.85055429 0.6198688     P 0.0
col             6.741646e-01 0.64482146 1.0455058     P 0.0
row             1.241837e-06         NA        NA     B 0.0
f23g            3.515762e+00 1.52303670 2.3083893     P 0.0
row:col!R       1.227198e+01 1.64074542 7.4795129     P 0.0
row:col!row!cor 1.318327e-01 0.09300600 1.4174646     U 0.1
row:col!col!cor 4.918093e-02 0.09548399 0.5150699     U 0.3

$bic
[1] 1135.567
attr(,"parameters")
[1] 7

$aic
[1] 1109.902
attr(,"parameters")
[1] 7

attr(,"class")
[1] "summary.asreml"
