$call
asreml(fixed = SPAD_650 ~ 1 + m_thick, random = ~f23g + Device.ID + 
    row + col, residual = ~ar1(row):ar1(col), data = filledflDf[order(filledflDf$row, 
    filledflDf$col), ], na.action = na.method(y = c("include", 
    "omit", "fail"), x = c("include", "include", "omit")))

$loglik
[1] -527.2654

$nedf
[1] 289

$sigma
[1] 3.291434

$varcomp
                  component  std.error    z.ratio bound %ch
Device.ID        1.74043500 2.84851144  0.6109981     P 0.0
col              1.06222539 0.75670934  1.4037429     P 0.0
row              0.93329653 0.58340166  1.5997495     P 0.0
f23g             1.70601408 1.29457331  1.3178196     P 0.0
row:col!R       10.83353456 1.53181704  7.0723424     P 0.0
row:col!row!cor  0.11414153 0.08675326  1.3157031     U 0.0
row:col!col!cor -0.07293435 0.09539147 -0.7645794     U 0.3

$bic
[1] 1094.196
attr(,"parameters")
[1] 7

$aic
[1] 1068.531
attr(,"parameters")
[1] 7

attr(,"class")
[1] "summary.asreml"
