$call
asreml(fixed = SPAD_650 ~ 1 + m_thick, random = ~f23g + Device.ID + 
    row + col, residual = ~ar1(row):ar1(col), data = filledflDf[order(filledflDf$row, 
    filledflDf$col), ], na.action = na.method(y = c("include", 
    "omit", "fail"), x = c("include", "include", "omit")))

$loglik
[1] -558.5948

$nedf
[1] 289

$sigma
[1] 3.997569

$varcomp
                    component  std.error     z.ratio bound   %ch
Device.ID        1.617119e-06         NA          NA     B   0.0
col              1.775518e-01 0.41132200  0.43166124     P   0.3
row              1.617119e-06         NA          NA     B   0.0
f23g             9.655514e-01 1.72333008  0.56028234     P   0.9
row:col!R        1.598056e+01 2.14811736  7.43933101     P   0.0
row:col!row!cor  4.586213e-02 0.07891177  0.58118237     U   0.6
row:col!col!cor -7.146623e-03 0.08469998 -0.08437574     U 539.6

$bic
[1] 1156.855
attr(,"parameters")
[1] 7

$aic
[1] 1131.19
attr(,"parameters")
[1] 7

attr(,"class")
[1] "summary.asreml"
