$call
asreml(fixed = SPAD_650 ~ 1 + m_thick, random = ~f23g + Device.ID + 
    row + col, residual = ~ar1(row):ar1(col), data = filledflDf[order(filledflDf$row, 
    filledflDf$col), ], na.action = na.method(y = c("include", 
    "omit", "fail"), x = c("include", "include", "omit")))

$loglik
[1] -547.9154

$nedf
[1] 288

$sigma
[1] 3.946986

$varcomp
                    component  std.error    z.ratio bound %ch
Device.ID        6.294901e-01 1.09840604  0.5730941     P 0.1
col              1.512765e-01 0.40180321  0.3764939     P 1.2
row              4.037531e-01 0.53469100  0.7551149     P 0.1
f23g             9.826348e-07         NA         NA     B  NA
row:col!R        1.557870e+01 1.43038524 10.8912609     P 0.0
row:col!row!cor  5.005863e-02 0.07867981  0.6362322     U 0.6
row:col!col!cor -1.378376e-01 0.07854653 -1.7548532     U 0.6

$bic
[1] 1135.472
attr(,"parameters")
[1] 7

$aic
[1] 1109.831
attr(,"parameters")
[1] 7

attr(,"class")
[1] "summary.asreml"
