$call
asreml(fixed = SPAD_650 ~ 1 + m_thick, random = ~f23g + Device.ID + 
    row + col, residual = ~ar1(row):ar1(col), data = filledflDf[order(filledflDf$row, 
    filledflDf$col), ], na.action = na.method(y = c("include", 
    "omit", "fail"), x = c("include", "include", "omit")))

$loglik
[1] -583.8339

$nedf
[1] 288

$sigma
[1] 3.981009

$varcomp
                    component  std.error     z.ratio bound %ch
Device.ID        1.167603e-02 0.23678796  0.04931007     P 1.4
col              1.603749e-06         NA          NA     B 0.0
row              2.042834e+00 1.03496072  1.97382794     P 0.0
f23g             3.658533e+00 2.08271877  1.75661402     P 0.4
row:col!R        1.584844e+01 2.28070162  6.94893007     P 0.0
row:col!row!cor  1.332553e-01 0.09661532  1.37923614     U 0.1
row:col!col!cor -1.352108e-01 0.09772928 -1.38352397     U 0.7

$bic
[1] 1207.309
attr(,"parameters")
[1] 7

$aic
[1] 1181.668
attr(,"parameters")
[1] 7

attr(,"class")
[1] "summary.asreml"
