$call
asreml(fixed = SPAD_650 ~ 1 + m_thick, random = ~f23g + Device.ID + 
    row + col, residual = ~ar1(row):ar1(col), data = filledflDf[order(filledflDf$row, 
    filledflDf$col), ], na.action = na.method(y = c("include", 
    "omit", "fail"), x = c("include", "include", "omit")))

$loglik
[1] -554.5919

$nedf
[1] 289

$sigma
[1] 3.721652

$varcomp
                    component  std.error     z.ratio bound  %ch
Device.ID        3.421335e-01 0.65996352  0.51841274     P  0.0
col              8.876087e-02 0.31145865  0.28498443     P  1.3
row              6.712998e-06         NA          NA     B  0.0
f23g             2.872557e+00 1.54850189  1.85505583     P  0.3
row:col!R        1.385070e+01 1.76941718  7.82782913     P  0.0
row:col!row!cor -1.146026e-01 0.08622784 -1.32906736     U  0.4
row:col!col!cor -7.063628e-03 0.09360061 -0.07546563     U 36.2

$bic
[1] 1148.849
attr(,"parameters")
[1] 7

$aic
[1] 1123.184
attr(,"parameters")
[1] 7

attr(,"class")
[1] "summary.asreml"
