$call
asreml(fixed = SPAD_650 ~ 1 + m_thick, random = ~f23g + Device.ID + 
    row + col, residual = ~ar1(row):ar1(col), data = filledflDf[order(filledflDf$row, 
    filledflDf$col), ], na.action = na.method(y = c("include", 
    "omit", "fail"), x = c("include", "include", "omit")))

$loglik
[1] -569.7453

$nedf
[1] 289

$sigma
[1] 3.708846

$varcomp
                    component std.error    z.ratio bound %ch
Device.ID        5.744477e-01 0.9600138  0.5983744     P 0.4
col              1.391963e-06        NA         NA     B 0.0
row              1.391963e-06        NA         NA     B 0.0
f23g             5.576243e+00 1.8510618  3.0124565     P 0.3
row:col!R        1.375554e+01 1.8222566  7.5486289     P 0.0
row:col!row!cor -5.395896e-02 0.1026489 -0.5256652     U 0.2
row:col!col!cor -2.378424e-01 0.0997707 -2.3838907     U 0.4

$bic
[1] 1179.156
attr(,"parameters")
[1] 7

$aic
[1] 1153.491
attr(,"parameters")
[1] 7

attr(,"class")
[1] "summary.asreml"
