$call
asreml(fixed = SPAD_650 ~ 1 + m_thick, random = ~f23g + Device.ID + 
    row + col, residual = ~ar1(row):ar1(col), data = filledflDf[order(filledflDf$row, 
    filledflDf$col), ], na.action = na.method(y = c("include", 
    "omit", "fail"), x = c("include", "include", "omit")))

$loglik
[1] -596.5181

$nedf
[1] 290

$sigma
[1] 4.172399

$varcomp
                    component  std.error    z.ratio bound %ch
Device.ID        3.985398e-01 0.84780464  0.4700844     P 0.1
col              1.761658e-06         NA         NA     B 0.0
row              8.322762e-06         NA         NA     B 0.0
f23g             5.007790e+00 2.18533244  2.2915463     P 0.1
row:col!R        1.740891e+01 2.30207268  7.5622785     P 0.0
row:col!row!cor -5.130566e-02 0.09112367 -0.5630333     U 0.0
row:col!col!cor  1.544334e-01 0.09400359  1.6428460     U 0.1

$bic
[1] 1232.725
attr(,"parameters")
[1] 7

$aic
[1] 1207.036
attr(,"parameters")
[1] 7

attr(,"class")
[1] "summary.asreml"
