$call
asreml(fixed = SPAD_650 ~ 1 + m_thick, random = ~f23g + Device.ID + 
    row + col, residual = ~ar1(row):ar1(col), data = filledflDf[order(filledflDf$row, 
    filledflDf$col), ], na.action = na.method(y = c("include", 
    "omit", "fail"), x = c("include", "include", "omit")))

$loglik
[1] -682.6774

$nedf
[1] 289

$sigma
[1] 5.1902

$varcomp
                    component std.error     z.ratio bound  %ch
Device.ID        5.886688e-02 0.4639917  0.12687054     P  1.5
col              2.725952e-06        NA          NA     B  0.0
row              2.523940e+00 1.7687953  1.42692580     P  0.2
f23g             1.289344e+01 4.3993238  2.93077766     P  0.3
row:col!R        2.693817e+01 4.1029726  6.56552632     P  0.0
row:col!row!cor -4.885842e-02 0.1079014 -0.45280599     U  3.3
row:col!col!cor -5.950048e-03 0.1157683 -0.05139619     U 38.5

$bic
[1] 1405.02
attr(,"parameters")
[1] 7

$aic
[1] 1379.355
attr(,"parameters")
[1] 7

attr(,"class")
[1] "summary.asreml"
