$call
asreml(fixed = SPAD_650 ~ 1 + m_thick, random = ~f23g + Device.ID + 
    row + col, residual = ~ar1(row):ar1(col), data = filledflDf[order(filledflDf$row, 
    filledflDf$col), ], na.action = na.method(y = c("include", 
    "omit", "fail"), x = c("include", "include", "omit")))

$loglik
[1] -647.8537

$nedf
[1] 290

$sigma
[1] 5.097773

$varcomp
                    component  std.error    z.ratio bound %ch
Device.ID        1.718010e+00 2.84837666  0.6031539     P 0.0
col              3.014973e-01 0.71181756  0.4235598     P 0.1
row              4.415524e-06         NA         NA     B 0.0
f23g             5.008741e+00 2.92878640  1.7101761     P 0.0
row:col!R        2.598729e+01 3.34859776  7.7606480     P 0.0
row:col!row!cor -9.394732e-03 0.08297206 -0.1132277     U 0.3
row:col!col!cor  2.747271e-02 0.08679972  0.3165069     U 0.8

$bic
[1] 1335.397
attr(,"parameters")
[1] 7

$aic
[1] 1309.707
attr(,"parameters")
[1] 7

attr(,"class")
[1] "summary.asreml"
