$call
asreml(fixed = SPAD_650 ~ 1 + m_thick, random = ~Genotype + Device.ID + 
    row + col, residual = ~ar1v(row):ar1(col), data = filledflDf[order(filledflDf$row, 
    filledflDf$col), ], na.action = na.method(y = c("include", 
    "include", "include"), x = c("include", "include", "include")))

$loglik
[1] -474.9475

$nedf
[1] 290

$sigma
[1] 1

$varcomp
                   component std.error   z.ratio bound %ch
Device.ID       1.602451e-07        NA        NA     B 0.0
col             3.322840e-01 0.3817723 0.8703722     P 1.5
row             3.393360e-07        NA        NA     B 0.0
Genotype        8.274244e+00 1.2931407 6.3985642     P 0.2
row:col!R       1.000000e+00        NA        NA     F 0.0
row:col!row!cor 6.944310e-01 0.4482520 1.5491980     U 0.1
row:col!row!var 9.749750e-01 1.1217615 0.8691464     P 1.3
row:col!col!cor 3.868415e-01 0.5497988 0.7036056     U 4.3

$bic
[1] 989.5841
attr(,"parameters")
[1] 7

$aic
[1] 963.8949
attr(,"parameters")
[1] 7

attr(,"class")
[1] "summary.asreml"
