$call
asreml(fixed = SPAD_650 ~ 1 + m_thick, random = ~Genotype + Device.ID + 
    row + col, residual = ~ar1v(row):ar1(col), data = filledflDf[order(filledflDf$row, 
    filledflDf$col), ], na.action = na.method(y = c("include", 
    "include", "include"), x = c("include", "include", "include")))

$loglik
[1] -528.544

$nedf
[1] 290

$sigma
[1] 1

$varcomp
                    component  std.error     z.ratio bound %ch
Device.ID        2.397932e-02 0.43678136  0.05490005     P 1.2
col              1.492069e+00 0.85380712  1.74754855     P 0.0
row              7.220520e-01 0.59332312  1.21696251     P 0.0
Genotype         7.347253e-07         NA          NA     B 0.0
row:col!R        1.000000e+00         NA          NA     F 0.0
row:col!row!cor -9.889824e-02 0.08123335 -1.21745861     U 0.1
row:col!row!var  1.242011e+01 1.13783297 10.91558619     P 0.0
row:col!col!cor  1.198043e-02 0.08880480  0.13490749     U 0.9

$bic
[1] 1096.777
attr(,"parameters")
[1] 7

$aic
[1] 1071.088
attr(,"parameters")
[1] 7

attr(,"class")
[1] "summary.asreml"
