$call
asreml(fixed = SPAD_650 ~ 1 + m_thick, random = ~Genotype + Device.ID + 
    row + col, residual = ~ar1v(row):ar1(col), data = filledflDf[order(filledflDf$row, 
    filledflDf$col), ], na.action = na.method(y = c("include", 
    "include", "include"), x = c("include", "include", "include")))

$loglik
[1] -530.3656

$nedf
[1] 290

$sigma
[1] 1

$varcomp
                    component std.error   z.ratio bound  %ch
Device.ID        0.8331876785 1.6025930 0.5198998     P  0.2
col              1.0925471958 0.7297735 1.4971046     P  0.1
row              0.0001682641        NA        NA     B 93.7
Genotype        13.1982683183 4.8828135 2.7030048     P  0.3
row:col!R        1.0000000000        NA        NA     F  0.0
row:col!row!cor -0.6023960479        NA        NA     B 99.2
row:col!row!var  0.0011440263        NA        NA     B 93.7
row:col!col!cor  0.6584683341        NA        NA     B 83.7

$bic
[1] 1100.42
attr(,"parameters")
[1] 7

$aic
[1] 1074.731
attr(,"parameters")
[1] 7

attr(,"class")
[1] "summary.asreml"
