$call
asreml(fixed = SPAD_650 ~ 1 + m_thick, random = ~Genotype + Device.ID + 
    row + col, residual = ~ar1v(row):ar1(col), data = filledflDf[order(filledflDf$row, 
    filledflDf$col), ], na.action = na.method(y = c("include", 
    "include", "include"), x = c("include", "include", "include")))

$loglik
[1] -527.0839

$nedf
[1] 289

$sigma
[1] 1

$varcomp
                 component std.error    z.ratio bound %ch
Device.ID        1.6739193 2.7816664  0.6017685     P 0.1
col              1.0715709 0.8670060  1.2359441     P 0.6
row              0.8348717 0.5590699  1.4933227     P 0.0
Genotype        10.4282919 1.8772819  5.5549953     P 0.5
row:col!R        1.0000000        NA         NA     F 0.0
row:col!row!cor  0.6926724 0.2913143  2.3777496     U 1.2
row:col!row!var  2.3260519 1.6430464  1.4156946     P 2.2
row:col!col!cor -0.3669734 0.4010213 -0.9150970     U 2.9

$bic
[1] 1093.833
attr(,"parameters")
[1] 7

$aic
[1] 1068.168
attr(,"parameters")
[1] 7

attr(,"class")
[1] "summary.asreml"
