$call
asreml(fixed = SPAD_650 ~ 1 + m_thick, random = ~Genotype + Device.ID + 
    row + col, residual = ~ar1v(row):ar1(col), data = filledflDf[order(filledflDf$row, 
    filledflDf$col), ], na.action = na.method(y = c("include", 
    "include", "include"), x = c("include", "include", "include")))

$loglik
[1] -558.731

$nedf
[1] 289

$sigma
[1] 1

$varcomp
                    component  std.error    z.ratio bound %ch
Device.ID        1.394364e-06         NA         NA     B 0.0
col              1.563937e-01 0.40253785  0.3885193     P 0.0
row              2.640891e-07         NA         NA     B 0.0
Genotype         8.768959e-07         NA         NA     B 0.0
row:col!R        1.000000e+00         NA         NA     F 0.0
row:col!row!cor  4.766964e-02 0.07441171  0.6406202     U 0.1
row:col!row!var  1.696735e+01 1.44688591 11.7268069     P 0.0
row:col!col!cor -1.079054e-02 0.07937666 -0.1359409     U 0.4

$bic
[1] 1157.127
attr(,"parameters")
[1] 7

$aic
[1] 1131.462
attr(,"parameters")
[1] 7

attr(,"class")
[1] "summary.asreml"
