$call
asreml(fixed = SPAD_650 ~ 1 + m_thick, random = ~Genotype + Device.ID + 
    row + col, residual = ~ar1v(row):ar1(col), data = filledflDf[order(filledflDf$row, 
    filledflDf$col), ], na.action = na.method(y = c("include", 
    "include", "include"), x = c("include", "include", "include")))

$loglik
[1] -578.9738

$nedf
[1] 288

$sigma
[1] 1

$varcomp
                    component   std.error       z.ratio bound   %ch
Device.ID        1.023038e-06          NA            NA     B   0.0
col              3.066844e-01  0.49779532  0.6160853602     P  23.7
row              1.353217e-06          NA            NA     B   0.0
Genotype         3.658347e-03 32.40730884  0.0001128865     ?  93.7
row:col!R        1.000000e+00          NA            NA     F   0.0
row:col!row!cor  5.809100e-02          NA            NA     B 124.0
row:col!row!var  1.950212e+01 32.16410234  0.6063319268     P  17.1
row:col!col!cor -6.110698e-02  0.08335116 -0.7331269921     U 533.5

$bic
[1] 1197.588
attr(,"parameters")
[1] 7

$aic
[1] 1171.948
attr(,"parameters")
[1] 7

attr(,"class")
[1] "summary.asreml"
