$call
asreml(fixed = SPAD_650 ~ 1 + m_thick, random = ~Genotype + Device.ID + 
    row + col, residual = ~ar1v(row):ar1(col), data = filledflDf[order(filledflDf$row, 
    filledflDf$col), ], na.action = na.method(y = c("include", 
    "include", "include"), x = c("include", "include", "include")))

$loglik
[1] -558.4296

$nedf
[1] 289

$sigma
[1] 1

$varcomp
                   component std.error      z.ratio bound  %ch
Device.ID       2.931552e-01 0.6454187 4.542093e-01     P  0.4
col             9.576377e-02 0.4141999 2.312018e-01     P  0.3
row             4.418463e-05 0.8144368 5.425177e-05     ? 93.7
Genotype        1.811579e+01 1.8501395 9.791579e+00     P  3.9
row:col!R       1.000000e+00        NA           NA     F  0.0
row:col!row!cor 8.129055e-02        NA           NA     F  0.0
row:col!row!var 7.917138e-05        NA           NA     B  0.0
row:col!col!cor 6.067272e-01        NA           NA     B 97.8

$bic
[1] 1150.858
attr(,"parameters")
[1] 6

$aic
[1] 1128.859
attr(,"parameters")
[1] 6

attr(,"class")
[1] "summary.asreml"
