$call
asreml(fixed = SPAD_650 ~ 1 + m_thick, random = ~Genotype + Device.ID + 
    row + col, residual = ~ar1v(row):ar1(col), data = filledflDf[order(filledflDf$row, 
    filledflDf$col), ], na.action = na.method(y = c("include", 
    "include", "include"), x = c("include", "include", "include")))

$loglik
[1] -574.8904

$nedf
[1] 289

$sigma
[1] 1

$varcomp
                    component  std.error    z.ratio bound %ch
Device.ID        3.756995e-01 0.69251082  0.5425179     P 0.0
col              1.215714e-06         NA         NA     B 0.0
row              2.168660e-06         NA         NA     B 0.0
Genotype         9.810835e-07         NA         NA     B 0.0
row:col!R        1.000000e+00         NA         NA     F 0.0
row:col!row!cor -6.325594e-02 0.07615551 -0.8306154     U 0.1
row:col!row!var  1.921583e+01 1.62130528 11.8520739     P 0.0
row:col!col!cor -1.269175e-01 0.07795296 -1.6281290     U 0.0

$bic
[1] 1189.446
attr(,"parameters")
[1] 7

$aic
[1] 1163.781
attr(,"parameters")
[1] 7

attr(,"class")
[1] "summary.asreml"
