$call
asreml(fixed = SPAD_650 ~ 1 + m_thick, random = ~Genotype + Device.ID + 
    row + col, residual = ~ar1v(row):ar1(col), data = filledflDf[order(filledflDf$row, 
    filledflDf$col), ], na.action = na.method(y = c("include", 
    "include", "include"), x = c("include", "include", "include")))

$loglik
[1] -599.6404

$nedf
[1] 290

$sigma
[1] 1

$varcomp
                    component  std.error    z.ratio bound   %ch
Device.ID        2.131863e-01  0.5348537 0.39858807     P   6.6
col              1.141584e-06         NA         NA     B   0.0
row              5.182913e-07         NA         NA     B   0.0
Genotype         2.190345e+01 18.1572144 1.20632192     P  25.2
row:col!R        1.000000e+00         NA         NA     F   0.0
row:col!row!cor -4.644210e-01         NA         NA     B 182.5
row:col!row!var  2.271872e-01 18.1638112 0.01250768     ?  93.7
row:col!col!cor  5.521456e-01         NA         NA     B 119.0

$bic
[1] 1238.97
attr(,"parameters")
[1] 7

$aic
[1] 1213.281
attr(,"parameters")
[1] 7

attr(,"class")
[1] "summary.asreml"
