$call
asreml(fixed = SPAD_650 ~ 1 + m_thick, random = ~Genotype + Device.ID + 
    row + col, residual = ~ar1v(row):ar1(col), data = filledflDf[order(filledflDf$row, 
    filledflDf$col), ], na.action = na.method(y = c("include", 
    "include", "include"), x = c("include", "include", "include")))

$loglik
[1] -647.921

$nedf
[1] 290

$sigma
[1] 1

$varcomp
                    component std.error    z.ratio bound %ch
Device.ID        1.523033e+00 2.5420356  0.5991391     P 0.1
col              2.337825e-01 0.7343196  0.3183661     P 4.4
row              9.280614e-07        NA         NA     B 0.0
Genotype         2.897669e+01 3.1410058  9.2252898     P 0.2
row:col!R        1.000000e+00        NA         NA     F 0.0
row:col!row!cor  6.131062e-01 0.4274930  1.4341900     U 1.7
row:col!row!var  2.057450e+00 2.2219404  0.9259699     P 2.0
row:col!col!cor -8.634314e-01 0.2739620 -3.1516471     U 0.1

$bic
[1] 1335.531
attr(,"parameters")
[1] 7

$aic
[1] 1309.842
attr(,"parameters")
[1] 7

attr(,"class")
[1] "summary.asreml"
