$call
asreml(fixed = SPAD_650 ~ 1 + m_thick, random = ~f23g + Device.ID + 
    row + col, data = filledflDf[order(filledflDf$row, filledflDf$col), 
    ], na.action = na.method(y = c("include", "omit", "fail"), 
    x = c("include", "include", "omit")))

$loglik
[1] -488.6445

$nedf
[1] 278

$sigma
[1] 3.339783

$varcomp
             component std.error   z.ratio bound %ch
Device.ID 4.999788e+00  5.269262 0.9488593     P   0
col       6.279215e-01  0.532999 1.1780914     P   0
row       8.321613e-07        NA        NA     B  NA
f23g      2.006746e-01  1.064413 0.1885307     P   0
units!R   1.115415e+01  1.426987 7.8165741     P   0

$bic
[1] 1005.427
attr(,"parameters")
[1] 5

$aic
[1] 987.2891
attr(,"parameters")
[1] 5

attr(,"class")
[1] "summary.asreml"
