$call
asreml(fixed = SPAD_650 ~ 1 + m_thick, random = ~f23g + Device.ID + 
    row + col, data = filledflDf[order(filledflDf$row, filledflDf$col), 
    ], na.action = na.method(y = c("include", "omit", "fail"), 
    x = c("include", "include", "omit")))

$loglik
[1] -477.1822

$nedf
[1] 290

$sigma
[1] 2.790433

$varcomp
           component std.error   z.ratio bound %ch
Device.ID 0.15283702 0.3363393 0.4544132     P 0.8
col       0.05785676 0.2004300 0.2886631     P 0.3
row       0.14064524 0.3128053 0.4496256     P 0.1
f23g      1.70371646 0.9943012 1.7134812     P 0.4
units!R   7.78651610 1.1172060 6.9696330     P 0.0

$bic
[1] 982.7138
attr(,"parameters")
[1] 5

$aic
[1] 964.3643
attr(,"parameters")
[1] 5

attr(,"class")
[1] "summary.asreml"
