$call
asreml(fixed = SPAD_650 ~ 1 + m_thick, random = ~f23g + Device.ID + 
    row + col, data = filledflDf[order(filledflDf$row, filledflDf$col), 
    ], na.action = na.method(y = c("include", "omit", "fail"), 
    x = c("include", "include", "omit")))

$loglik
[1] -541.4307

$nedf
[1] 290

$sigma
[1] 3.655971

$varcomp
             component std.error   z.ratio bound %ch
Device.ID 1.042456e+00  1.711438 0.6091113     P   0
col       2.967091e-01  0.408381 0.7265496     P   0
row       1.884077e-06        NA        NA     B   0
f23g      1.286963e+00  1.617125 0.7958342     P   0
units!R   1.336613e+01  1.891520 7.0663431     P   0

$bic
[1] 1111.211
attr(,"parameters")
[1] 5

$aic
[1] 1092.861
attr(,"parameters")
[1] 5

attr(,"class")
[1] "summary.asreml"
