$call
asreml(fixed = SPAD_650 ~ 1 + m_thick, random = ~f23g + Device.ID + 
    row + col, data = filledflDf[order(filledflDf$row, filledflDf$col), 
    ], na.action = na.method(y = c("include", "omit", "fail"), 
    x = c("include", "include", "omit")))

$loglik
[1] -529.0771

$nedf
[1] 290

$sigma
[1] 3.39154

$varcomp
            component std.error    z.ratio bound %ch
Device.ID  0.03279749 0.4555589 0.07199397     P 0.5
col        1.37863148 0.8345011 1.65204266     P 0.0
row        0.77808708 0.5697986 1.36554759     P 0.0
f23g       0.95102894 1.2956834 0.73399795     P 0.0
units!R   11.50254388 1.5977497 7.19921501     P 0.0

$bic
[1] 1086.504
attr(,"parameters")
[1] 5

$aic
[1] 1068.154
attr(,"parameters")
[1] 5

attr(,"class")
[1] "summary.asreml"
