$call
asreml(fixed = SPAD_650 ~ 1 + m_thick, random = ~f23g + Device.ID + 
    row + col, data = filledflDf[order(filledflDf$row, filledflDf$col), 
    ], na.action = na.method(y = c("include", "omit", "fail"), 
    x = c("include", "include", "omit")))

$loglik
[1] -522.0345

$nedf
[1] 290

$sigma
[1] 3.426208

$varcomp
             component std.error   z.ratio bound  %ch
Device.ID 1.187893e-06        NA        NA     B 93.7
col       6.064577e-01 0.5136015 1.1807941     P  0.0
row       1.187893e-06        NA        NA     B  0.0
f23g      9.854358e-01 1.2372877 0.7964484     P  0.0
units!R   1.173890e+01 1.5228412 7.7085508     P  0.0

$bic
[1] 1072.418
attr(,"parameters")
[1] 5

$aic
[1] 1054.069
attr(,"parameters")
[1] 5

attr(,"class")
[1] "summary.asreml"
