$call
asreml(fixed = SPAD_650 ~ 1 + m_thick, random = ~f23g + Device.ID + 
    row + col, data = filledflDf[order(filledflDf$row, filledflDf$col), 
    ], na.action = na.method(y = c("include", "omit", "fail"), 
    x = c("include", "include", "omit")))

$loglik
[1] -518.6693

$nedf
[1] 289

$sigma
[1] 3.434184

$varcomp
             component std.error    z.ratio bound %ch
Device.ID  0.113004577 0.3182696 0.35505927     P 0.1
col        0.005689375 0.2429984 0.02341322     P 2.7
row        0.131301295 0.4230425 0.31037378     P 0.1
f23g       0.989112363 1.2210221 0.81006916     P 0.1
units!R   11.793621907 1.5651351 7.53521014     P 0.0

$bic
[1] 1065.671
attr(,"parameters")
[1] 5

$aic
[1] 1047.339
attr(,"parameters")
[1] 5

attr(,"class")
[1] "summary.asreml"
