$call
asreml(fixed = SPAD_650 ~ 1 + m_thick, random = ~f23g + Device.ID + 
    row + col, data = filledflDf[order(filledflDf$row, filledflDf$col), 
    ], na.action = na.method(y = c("include", "omit", "fail"), 
    x = c("include", "include", "omit")))

$loglik
[1] -550.3787

$nedf
[1] 289

$sigma
[1] 3.625512

$varcomp
            component std.error   z.ratio bound %ch
Device.ID  0.19618088 0.5500052 0.3566891     P 0.1
col        0.50567424 0.5056015 1.0001438     P 0.0
row        0.07333616 0.4730101 0.1550414     P 1.4
f23g       2.67200240 1.4998456 1.7815183     P 0.1
units!R   13.14433847 1.7473825 7.5223018     P 0.0

$bic
[1] 1129.09
attr(,"parameters")
[1] 5

$aic
[1] 1110.757
attr(,"parameters")
[1] 5

attr(,"class")
[1] "summary.asreml"
