$call
asreml(fixed = SPAD_650 ~ 1 + m_thick, random = ~f23g + Device.ID + 
    row + col, data = filledflDf[order(filledflDf$row, filledflDf$col), 
    ], na.action = na.method(y = c("include", "omit", "fail"), 
    x = c("include", "include", "omit")))

$loglik
[1] -549.2166

$nedf
[1] 289

$sigma
[1] 3.492027

$varcomp
             component std.error   z.ratio bound  %ch
Device.ID 1.758609e+00 2.8376577 0.6197397     P  0.0
col       8.123095e-01 0.6540182 1.2420290     P  0.0
row       1.233972e-06        NA        NA     B 93.7
f23g      3.488856e+00 1.5504211 2.2502633     P  0.0
units!R   1.219426e+01 1.6873808 7.2267358     P  0.0

$bic
[1] 1126.765
attr(,"parameters")
[1] 5

$aic
[1] 1108.433
attr(,"parameters")
[1] 5

attr(,"class")
[1] "summary.asreml"
