$call
asreml(fixed = SPAD_650 ~ 1 + m_thick, random = ~f23g + Device.ID + 
    row + col, data = filledflDf[order(filledflDf$row, filledflDf$col), 
    ], na.action = na.method(y = c("include", "omit", "fail"), 
    x = c("include", "include", "omit")))

$loglik
[1] -534.1951

$nedf
[1] 289

$sigma
[1] 3.618542

$varcomp
             component std.error   z.ratio bound %ch
Device.ID 1.505312e-01 0.4880122 0.3084578     P 0.0
col       3.550102e-01 0.4264396 0.8324983     P 0.0
row       7.447195e-06        NA        NA     B 0.0
f23g      1.027070e+00 1.3796740 0.7444295     P 0.1
units!R   1.309384e+01 1.6936111 7.7313166     P 0.0

$bic
[1] 1096.722
attr(,"parameters")
[1] 5

$aic
[1] 1078.39
attr(,"parameters")
[1] 5

attr(,"class")
[1] "summary.asreml"
