$call
asreml(fixed = SPAD_650 ~ 1 + m_thick, random = ~f23g + Device.ID + 
    row + col, data = filledflDf[order(filledflDf$row, filledflDf$col), 
    ], na.action = na.method(y = c("include", "omit", "fail"), 
    x = c("include", "include", "omit")))

$loglik
[1] -558.782

$nedf
[1] 289

$sigma
[1] 3.978458

$varcomp
             component std.error   z.ratio bound %ch
Device.ID 1.601694e-06        NA        NA     B 0.0
col       2.252259e-01 0.4051131 0.5559580     P 0.1
row       1.601694e-06        NA        NA     B 0.0
f23g      1.087244e+00 1.7253116 0.6301727     P 0.2
units!R   1.582813e+01 2.1265454 7.4431193     P 0.0

$bic
[1] 1145.896
attr(,"parameters")
[1] 5

$aic
[1] 1127.564
attr(,"parameters")
[1] 5

attr(,"class")
[1] "summary.asreml"
