$call
asreml(fixed = SPAD_650 ~ 1 + m_thick, random = ~f23g + Device.ID + 
    row + col, data = filledflDf[order(filledflDf$row, filledflDf$col), 
    ], na.action = na.method(y = c("include", "omit", "fail"), 
    x = c("include", "include", "omit")))

$loglik
[1] -549.1822

$nedf
[1] 288

$sigma
[1] 3.951257

$varcomp
             component std.error   z.ratio bound  %ch
Device.ID 6.535127e-01 1.1865618 0.5507616     P  0.0
col       3.298668e-01 0.4510062 0.7314019     P  0.1
row       2.283348e-01 0.5490606 0.4158644     P  0.2
f23g      9.049950e-07        NA        NA     B 93.7
units!R   1.561243e+01 2.0850340 7.4878529     P  0.0

$bic
[1] 1126.679
attr(,"parameters")
[1] 5

$aic
[1] 1108.364
attr(,"parameters")
[1] 5

attr(,"class")
[1] "summary.asreml"
