$call
asreml(fixed = SPAD_650 ~ 1 + m_thick, random = ~f23g + Device.ID + 
    row + col, data = filledflDf[order(filledflDf$row, filledflDf$col), 
    ], na.action = na.method(y = c("include", "omit", "fail"), 
    x = c("include", "include", "omit")))

$loglik
[1] -585.4577

$nedf
[1] 288

$sigma
[1] 3.930845

$varcomp
             component std.error   z.ratio bound  %ch
Device.ID 5.561503e-02 0.2986642 0.1862126     P  0.0
col       5.740618e-06        NA        NA     B 93.7
row       1.742591e+00 1.0100641 1.7252285     P  0.1
f23g      4.416402e+00 2.1253855 2.0779300     P  0.2
units!R   1.545154e+01 2.2789931 6.7799850     P  0.0

$bic
[1] 1199.23
attr(,"parameters")
[1] 5

$aic
[1] 1180.915
attr(,"parameters")
[1] 5

attr(,"class")
[1] "summary.asreml"
