$call
asreml(fixed = SPAD_650 ~ 1 + m_thick, random = ~f23g + Device.ID + 
    row + col, data = filledflDf[order(filledflDf$row, filledflDf$col), 
    ], na.action = na.method(y = c("include", "omit", "fail"), 
    x = c("include", "include", "omit")))

$loglik
[1] -555.5299

$nedf
[1] 289

$sigma
[1] 3.732417

$varcomp
             component std.error   z.ratio bound %ch
Device.ID 3.557759e-01 0.6928328 0.5135090     P   0
col       6.232262e-02 0.3326461 0.1873541     P   0
row       8.790597e-06        NA        NA     B   0
f23g      2.843708e+00 1.5810217 1.7986521     P   0
units!R   1.393093e+01 1.7966429 7.7538691     P   0

$bic
[1] 1139.392
attr(,"parameters")
[1] 5

$aic
[1] 1121.06
attr(,"parameters")
[1] 5

attr(,"class")
[1] "summary.asreml"
