$call
asreml(fixed = SPAD_650 ~ 1 + m_thick, random = ~f23g + Device.ID + 
    row + col, data = filledflDf[order(filledflDf$row, filledflDf$col), 
    ], na.action = na.method(y = c("include", "omit", "fail"), 
    x = c("include", "include", "omit")))

$loglik
[1] -572.2233

$nedf
[1] 289

$sigma
[1] 3.774403

$varcomp
             component std.error   z.ratio bound %ch
Device.ID 5.116568e-01 0.8967758 0.5705515     P 1.3
col       1.441606e-06        NA        NA     B 0.0
row       1.441606e-06        NA        NA     B 0.0
f23g      4.899703e+00 1.8699629 2.6202140     P 0.1
units!R   1.424612e+01 1.8939192 7.5220308     P 0.0

$bic
[1] 1172.779
attr(,"parameters")
[1] 5

$aic
[1] 1154.447
attr(,"parameters")
[1] 5

attr(,"class")
[1] "summary.asreml"
