$call
asreml(fixed = SPAD_650 ~ 1 + m_thick, random = ~f23g + Device.ID + 
    row + col, data = filledflDf[order(filledflDf$row, filledflDf$col), 
    ], na.action = na.method(y = c("include", "omit", "fail"), 
    x = c("include", "include", "omit")))

$loglik
[1] -692.0654

$nedf
[1] 289

$sigma
[1] 6.083424

$varcomp
             component std.error   z.ratio bound %ch
Device.ID 3.744951e-06        NA        NA     B   0
col       3.744951e-06        NA        NA     B   0
row       1.554140e+00  1.638651 0.9484264     P   0
f23g      4.779745e+00  4.400600 1.0861576     P   0
units!R   3.700804e+01  5.152946 7.1819189     P   0

$bic
[1] 1412.463
attr(,"parameters")
[1] 5

$aic
[1] 1394.131
attr(,"parameters")
[1] 5

attr(,"class")
[1] "summary.asreml"
